#
# A fatal error has been detected by the Java Runtime Environment:
#
#  EXCEPTION_ACCESS_VIOLATION (0xc0000005) at pc=0x000000001e8f3940, pid=13904, tid=0x0000000000003b70
#
# JRE version: Java(TM) SE Runtime Environment (8.0_161-b12) (build 1.8.0_161-b12)
# Java VM: Java HotSpot(TM) 64-Bit Server VM (25.161-b12 mixed mode windows-amd64 compressed oops)
# Problematic frame:
# C  0x000000001e8f3940
#
# Failed to write core dump. Minidumps are not enabled by default on client versions of Windows
#
# If you would like to submit a bug report, please visit:
#   http://bugreport.java.com/bugreport/crash.jsp
#

---------------  T H R E A D  ---------------

Current thread (0x0000000018064800):  JavaThread "C2 CompilerThread5" daemon [_thread_in_native, id=15216, stack(0x000000001a190000,0x000000001a290000)]

siginfo: ExceptionCode=0xc0000005, ExceptionInformation=0x0000000000000008 0x000000001e8f3940

Registers:
RAX=0x000000001f21bc90, RBX=0x000000000000001c, RCX=0x000000001f21bc90, RDX=0x00000000ffffffff
RSP=0x000000001a28bf98, RBP=0x000000001a28c0a0, RSI=0x000000001a28c570, RDI=0x0000000000000000
R8 =0x0000000000000200, R9 =0x000000001dc2b340, R10=0x0000000000000023, R11=0x000000001a28bf70
R12=0x0000000000000002, R13=0x000000001ebf5dc0, R14=0x000000001f21bc90, R15=0x0000000000000000
RIP=0x000000001e8f3940, EFLAGS=0x0000000000010293

Top of Stack: (sp=0x000000001a28bf98)
0x000000001a28bf98:   000000005290fa11 000000000007ff10
0x000000001a28bfa8:   000000001ff183e0 000000001a28c0a0
0x000000001a28bfb8:   000000001feb1b08 0000001b00000000
0x000000001a28bfc8:   0000000000000025 000000001f21bc90
0x000000001a28bfd8:   0000000000000000 0000015c00000024
0x000000001a28bfe8:   0000000000000016 0000000005155455
0x000000001a28bff8:   0000000000000000 0000000000000000
0x000000001a28c008:   0000000000000000 0000000000000000
0x000000001a28c018:   000020ef00000000 0303030300000008
0x000000001a28c028:   000000001dc2b160 0000000000000024
0x000000001a28c038:   00000000205c1310 0000000000000024
0x000000001a28c048:   000000001a28c0f0 000000000000001c
0x000000001a28c058:   0000000000000002 0000000000030000
0x000000001a28c068:   0000000000000000 0000000000000000
0x000000001a28c078:   0000000000000000 0000000000000000
0x000000001a28c088:   000000000000015c 0000000000000000 

Instructions: (pc=0x000000001e8f3940)
0x000000001e8f3920:   00 00 00 00 00 00 00 00 1a 33 34 47 46 fe f2 08
0x000000001e8f3930:   10 5d a4 1e 00 00 00 00 d8 7f 00 00 00 00 00 00
0x000000001e8f3940:   28 88 ad 52 00 00 00 00 78 39 8f 1e 00 00 00 00
0x000000001e8f3950:   00 00 00 00 00 00 00 00 01 00 00 00 01 00 00 00 


Register to memory mapping:

RAX=0x000000001f21bc90 is an unknown value
RBX=0x000000000000001c is an unknown value
RCX=0x000000001f21bc90 is an unknown value
RDX=0x00000000ffffffff is an unallocated location in the heap
RSP=0x000000001a28bf98 is pointing into the stack for thread: 0x0000000018064800
RBP=0x000000001a28c0a0 is pointing into the stack for thread: 0x0000000018064800
RSI=0x000000001a28c570 is pointing into the stack for thread: 0x0000000018064800
RDI=0x0000000000000000 is an unknown value
R8 =0x0000000000000200 is an unknown value
R9 =0x000000001dc2b340 is an unknown value
R10=0x0000000000000023 is an unknown value
R11=0x000000001a28bf70 is pointing into the stack for thread: 0x0000000018064800
R12=0x0000000000000002 is an unknown value
R13=0x000000001ebf5dc0 is an unknown value
R14=0x000000001f21bc90 is an unknown value
R15=0x0000000000000000 is an unknown value


Stack: [0x000000001a190000,0x000000001a290000],  sp=0x000000001a28bf98,  free space=1007k
Native frames: (J=compiled Java code, j=interpreted, Vv=VM code, C=native code)
C  0x000000001e8f3940


Current CompileTask:
C2:   2245 1545   !   4       java.net.URLClassLoader$1::run (63 bytes)


---------------  P R O C E S S  ---------------

Java Threads: ( => current thread )
  0x000000001806c800 JavaThread "Cache worker for file hash cache (C:\MyCode\Git_SCC\SER401_Repos\Pharmacy-Ledger\android\.gradle\4.6\fileHashes)" [_thread_blocked, id=21420, stack(0x000000001d8e0000,0x000000001d9e0000)]
  0x000000001806f000 JavaThread "File lock request listener" [_thread_in_native, id=22204, stack(0x000000001d7e0000,0x000000001d8e0000)]
  0x000000001806c000 JavaThread "Cache worker for file hash cache (C:\Users\weath\.gradle\caches\4.6\fileHashes)" [_thread_blocked, id=7048, stack(0x000000001d6e0000,0x000000001d7e0000)]
  0x000000001bf85800 JavaThread "Stdin handler" [_thread_blocked, id=7204, stack(0x000000001d3e0000,0x000000001d4e0000)]
  0x000000001bf84800 JavaThread "Asynchronous log dispatcher for DefaultDaemonConnection: socket connection from /127.0.0.1:55805 to /127.0.0.1:55806" [_thread_blocked, id=11240, stack(0x000000001d2e0000,0x000000001d3e0000)]
  0x000000001bfee800 JavaThread "Daemon worker" [_thread_in_vm, id=21052, stack(0x000000001d1e0000,0x000000001d2e0000)]
  0x000000001c034000 JavaThread "Cancel handler" [_thread_blocked, id=9120, stack(0x000000001d0e0000,0x000000001d1e0000)]
  0x000000001bf75000 JavaThread "Handler for socket connection from /127.0.0.1:55805 to /127.0.0.1:55806" [_thread_in_native, id=10856, stack(0x000000001cde0000,0x000000001cee0000)]
  0x000000001bf68000 JavaThread "Daemon" [_thread_blocked, id=22240, stack(0x000000001cce0000,0x000000001cde0000)]
  0x000000001bf49800 JavaThread "Daemon periodic checks" [_thread_blocked, id=2880, stack(0x000000001cbe0000,0x000000001cce0000)]
  0x000000001bf36000 JavaThread "Incoming local TCP Connector on port 55805" [_thread_in_native, id=12156, stack(0x000000001c9a0000,0x000000001caa0000)]
  0x000000001bc0a000 JavaThread "Daemon health stats" [_thread_blocked, id=12812, stack(0x000000001c360000,0x000000001c460000)]
  0x0000000018119000 JavaThread "Service Thread" daemon [_thread_blocked, id=9860, stack(0x000000001a990000,0x000000001aa90000)]
  0x000000001806d800 JavaThread "C1 CompilerThread11" daemon [_thread_blocked, id=18728, stack(0x000000001a890000,0x000000001a990000)]
  0x0000000018069800 JavaThread "C1 CompilerThread10" daemon [_thread_blocked, id=19708, stack(0x000000001a790000,0x000000001a890000)]
  0x000000001806e000 JavaThread "C1 CompilerThread9" daemon [_thread_blocked, id=22048, stack(0x000000001a690000,0x000000001a790000)]
  0x000000001806a800 JavaThread "C1 CompilerThread8" daemon [_thread_blocked, id=14768, stack(0x000000001a490000,0x000000001a590000)]
  0x0000000018069000 JavaThread "C2 CompilerThread7" daemon [_thread_blocked, id=19840, stack(0x000000001a390000,0x000000001a490000)]
  0x0000000018068000 JavaThread "C2 CompilerThread6" daemon [_thread_blocked, id=17040, stack(0x000000001a290000,0x000000001a390000)]
=>0x0000000018064800 JavaThread "C2 CompilerThread5" daemon [_thread_in_native, id=15216, stack(0x000000001a190000,0x000000001a290000)]
  0x000000001804e800 JavaThread "C2 CompilerThread4" daemon [_thread_blocked, id=3844, stack(0x000000001a090000,0x000000001a190000)]
  0x000000001804d800 JavaThread "C2 CompilerThread3" daemon [_thread_in_native, id=4472, stack(0x0000000019f90000,0x000000001a090000)]
  0x0000000018047800 JavaThread "C2 CompilerThread2" daemon [_thread_blocked, id=7572, stack(0x0000000019e90000,0x0000000019f90000)]
  0x0000000018047000 JavaThread "C2 CompilerThread1" daemon [_thread_blocked, id=8888, stack(0x0000000019d90000,0x0000000019e90000)]
  0x0000000018045000 JavaThread "C2 CompilerThread0" daemon [_thread_blocked, id=11960, stack(0x0000000019c90000,0x0000000019d90000)]
  0x0000000018056000 JavaThread "Attach Listener" daemon [_thread_blocked, id=21264, stack(0x0000000019b90000,0x0000000019c90000)]
  0x0000000018055800 JavaThread "Signal Dispatcher" daemon [_thread_blocked, id=21252, stack(0x0000000019a90000,0x0000000019b90000)]
  0x0000000018036800 JavaThread "Finalizer" daemon [_thread_blocked, id=5524, stack(0x00000000198a0000,0x00000000199a0000)]
  0x00000000165cd800 JavaThread "Reference Handler" daemon [_thread_blocked, id=12548, stack(0x00000000197a0000,0x00000000198a0000)]
  0x00000000034b2800 JavaThread "main" [_thread_blocked, id=17744, stack(0x0000000003320000,0x0000000003420000)]

Other Threads:
  0x0000000018013000 VMThread [stack: 0x00000000196a0000,0x00000000197a0000] [id=12092]
  0x000000001811f000 WatcherThread [stack: 0x000000001aa90000,0x000000001ab90000] [id=1312]

VM state:not at safepoint (normal execution)

VM Mutex/Monitor currently owned by a thread: None

Heap:
 PSYoungGen      total 76288K, used 34381K [0x00000000eab00000, 0x00000000f0000000, 0x0000000100000000)
  eden space 65536K, 36% used [0x00000000eab00000,0x00000000ec25d820,0x00000000eeb00000)
  from space 10752K, 97% used [0x00000000ef580000,0x00000000effb5f50,0x00000000f0000000)
  to   space 10752K, 0% used [0x00000000eeb00000,0x00000000eeb00000,0x00000000ef580000)
 ParOldGen       total 175104K, used 32K [0x00000000c0000000, 0x00000000cab00000, 0x00000000eab00000)
  object space 175104K, 0% used [0x00000000c0000000,0x00000000c0008000,0x00000000cab00000)
 Metaspace       used 19777K, capacity 20136K, committed 20480K, reserved 1067008K
  class space    used 2809K, capacity 2978K, committed 3072K, reserved 1048576K

Card table byte_map: [0x0000000012970000,0x0000000012b80000] byte_map_base: 0x0000000012370000

Marking Bits: (ParMarkBitMap*) 0x0000000052c8f860
 Begin Bits: [0x00000000139e0000, 0x00000000149e0000)
 End Bits:   [0x00000000149e0000, 0x00000000159e0000)

Polling page: 0x00000000032a0000

CodeCache: size=245760Kb used=7570Kb max_used=7578Kb free=238189Kb
 bounds [0x00000000035b0000, 0x0000000003d20000, 0x00000000125b0000]
 total_blobs=2156 nmethods=1765 adapters=301
 compilation: enabled

Compilation events (10 events):
Event: 2.224 Thread 0x0000000018069800 1764       1       org.codehaus.groovy.reflection.GroovyClassValuePreJava7::access$100 (5 bytes)
Event: 2.224 Thread 0x000000001806a800 1765       1       org.codehaus.groovy.util.ManagedConcurrentLinkedQueue::access$000 (5 bytes)
Event: 2.224 Thread 0x0000000018069800 nmethod 1764 0x0000000003d0d410 code [0x0000000003d0d560, 0x0000000003d0d650]
Event: 2.224 Thread 0x0000000018069800 1768       1       org.codehaus.groovy.reflection.ClassInfo::access$200 (5 bytes)
Event: 2.224 Thread 0x000000001806a800 nmethod 1765 0x0000000003d0d110 code [0x0000000003d0d260, 0x0000000003d0d350]
Event: 2.224 Thread 0x0000000018068000 nmethod 1761 0x0000000003d17f10 code [0x0000000003d18060, 0x0000000003d18168]
Event: 2.224 Thread 0x0000000018069800 nmethod 1768 0x0000000003d17c50 code [0x0000000003d17da0, 0x0000000003d17e90]
Event: 2.224 Thread 0x000000001806d800 nmethod 1767 0x0000000003d17650 code [0x0000000003d177c0, 0x0000000003d17af0]
Event: 2.224 Thread 0x000000001806e000 nmethod 1766 0x0000000003d16ed0 code [0x0000000003d17060, 0x0000000003d17450]
Event: 2.225 Thread 0x0000000018069000 nmethod 1760 0x0000000003d15410 code [0x0000000003d15560, 0x0000000003d157e8]

GC Heap History (4 events):
Event: 0.911 GC heap before
{Heap before GC invocations=1 (full 0):
 PSYoungGen      total 76288K, used 65536K [0x00000000eab00000, 0x00000000f0000000, 0x0000000100000000)
  eden space 65536K, 100% used [0x00000000eab00000,0x00000000eeb00000,0x00000000eeb00000)
  from space 10752K, 0% used [0x00000000ef580000,0x00000000ef580000,0x00000000f0000000)
  to   space 10752K, 0% used [0x00000000eeb00000,0x00000000eeb00000,0x00000000ef580000)
 ParOldGen       total 175104K, used 0K [0x00000000c0000000, 0x00000000cab00000, 0x00000000eab00000)
  object space 175104K, 0% used [0x00000000c0000000,0x00000000c0000000,0x00000000cab00000)
 Metaspace       used 8945K, capacity 9098K, committed 9216K, reserved 1056768K
  class space    used 1190K, capacity 1269K, committed 1280K, reserved 1048576K
Event: 0.918 GC heap after
Heap after GC invocations=1 (full 0):
 PSYoungGen      total 76288K, used 6930K [0x00000000eab00000, 0x00000000f0000000, 0x0000000100000000)
  eden space 65536K, 0% used [0x00000000eab00000,0x00000000eab00000,0x00000000eeb00000)
  from space 10752K, 64% used [0x00000000eeb00000,0x00000000ef1c4800,0x00000000ef580000)
  to   space 10752K, 0% used [0x00000000ef580000,0x00000000ef580000,0x00000000f0000000)
 ParOldGen       total 175104K, used 16K [0x00000000c0000000, 0x00000000cab00000, 0x00000000eab00000)
  object space 175104K, 0% used [0x00000000c0000000,0x00000000c0004000,0x00000000cab00000)
 Metaspace       used 8945K, capacity 9098K, committed 9216K, reserved 1056768K
  class space    used 1190K, capacity 1269K, committed 1280K, reserved 1048576K
}
Event: 1.925 GC heap before
{Heap before GC invocations=2 (full 0):
 PSYoungGen      total 76288K, used 72466K [0x00000000eab00000, 0x00000000f0000000, 0x0000000100000000)
  eden space 65536K, 100% used [0x00000000eab00000,0x00000000eeb00000,0x00000000eeb00000)
  from space 10752K, 64% used [0x00000000eeb00000,0x00000000ef1c4800,0x00000000ef580000)
  to   space 10752K, 0% used [0x00000000ef580000,0x00000000ef580000,0x00000000f0000000)
 ParOldGen       total 175104K, used 16K [0x00000000c0000000, 0x00000000cab00000, 0x00000000eab00000)
  object space 175104K, 0% used [0x00000000c0000000,0x00000000c0004000,0x00000000cab00000)
 Metaspace       used 16128K, capacity 16386K, committed 16640K, reserved 1062912K
  class space    used 2360K, capacity 2497K, committed 2560K, reserved 1048576K
Event: 1.935 GC heap after
Heap after GC invocations=2 (full 0):
 PSYoungGen      total 76288K, used 10455K [0x00000000eab00000, 0x00000000f0000000, 0x0000000100000000)
  eden space 65536K, 0% used [0x00000000eab00000,0x00000000eab00000,0x00000000eeb00000)
  from space 10752K, 97% used [0x00000000ef580000,0x00000000effb5f50,0x00000000f0000000)
  to   space 10752K, 0% used [0x00000000eeb00000,0x00000000eeb00000,0x00000000ef580000)
 ParOldGen       total 175104K, used 32K [0x00000000c0000000, 0x00000000cab00000, 0x00000000eab00000)
  object space 175104K, 0% used [0x00000000c0000000,0x00000000c0008000,0x00000000cab00000)
 Metaspace       used 16128K, capacity 16386K, committed 16640K, reserved 1062912K
  class space    used 2360K, capacity 2497K, committed 2560K, reserved 1048576K
}

Deoptimization events (10 events):
Event: 1.064 Thread 0x00000000034b2800 Uncommon trap: reason=unstable_if action=reinterpret pc=0x0000000003aaf1d8 method=java.io.WinNTFileSystem.normalize(Ljava/lang/String;II)Ljava/lang/String; @ 90
Event: 1.449 Thread 0x000000001bf75000 Uncommon trap: reason=unstable_if action=reinterpret pc=0x0000000003ba8214 method=java.util.concurrent.ConcurrentHashMap.putVal(Ljava/lang/Object;Ljava/lang/Object;Z)Ljava/lang/Object; @ 206
Event: 1.492 Thread 0x000000001bfee800 Uncommon trap: reason=bimorphic action=maybe_recompile pc=0x0000000003aca0c4 method=java.util.HashMap.putVal(ILjava/lang/Object;Ljava/lang/Object;ZZ)Ljava/lang/Object; @ 253
Event: 1.492 Thread 0x000000001bfee800 Uncommon trap: reason=bimorphic action=maybe_recompile pc=0x0000000003aca0c4 method=java.util.HashMap.putVal(ILjava/lang/Object;Ljava/lang/Object;ZZ)Ljava/lang/Object; @ 253
Event: 1.639 Thread 0x000000001bfee800 Uncommon trap: reason=class_check action=maybe_recompile pc=0x0000000003a180c0 method=java.util.regex.Matcher.match(II)Z @ 86
Event: 1.639 Thread 0x000000001bfee800 Uncommon trap: reason=class_check action=maybe_recompile pc=0x0000000003a180c0 method=java.util.regex.Matcher.match(II)Z @ 86
Event: 1.681 Thread 0x000000001bfee800 Uncommon trap: reason=class_check action=maybe_recompile pc=0x00000000039ed788 method=java.util.regex.Matcher.match(II)Z @ 86
Event: 1.980 Thread 0x000000001bfee800 Uncommon trap: reason=unstable_if action=reinterpret pc=0x00000000038c0b88 method=java.net.URI.match(CJJ)Z @ 19
Event: 1.980 Thread 0x000000001bfee800 Uncommon trap: reason=unstable_if action=reinterpret pc=0x0000000003a15c38 method=java.net.URI.match(CJJ)Z @ 19
Event: 2.021 Thread 0x000000001bfee800 Uncommon trap: reason=unstable_if action=reinterpret pc=0x0000000003a14d80 method=java.io.File.getName()Ljava/lang/String; @ 16

Classes redefined (0 events):
No events

Internal exceptions (10 events):
Event: 1.452 Thread 0x000000001bf75000 Exception <a 'java/lang/NoSuchMethodError': <clinit>> (0x00000000eb798760) thrown at [C:\re\workspace\8-2-build-windows-amd64-cygwin\jdk8u161\10277\hotspot\src\share\vm\prims\jni.cpp, line 1613]
Event: 1.455 Thread 0x000000001bf75000 Exception <a 'java/lang/NoSuchMethodError': <clinit>> (0x00000000eb7ba000) thrown at [C:\re\workspace\8-2-build-windows-amd64-cygwin\jdk8u161\10277\hotspot\src\share\vm\prims\jni.cpp, line 1613]
Event: 1.461 Thread 0x000000001bf75000 Exception <a 'java/lang/NoSuchMethodError': <clinit>> (0x00000000eb8236e0) thrown at [C:\re\workspace\8-2-build-windows-amd64-cygwin\jdk8u161\10277\hotspot\src\share\vm\prims\jni.cpp, line 1613]
Event: 1.465 Thread 0x000000001bf75000 Exception <a 'java/lang/NoSuchMethodError': <clinit>> (0x00000000eb853810) thrown at [C:\re\workspace\8-2-build-windows-amd64-cygwin\jdk8u161\10277\hotspot\src\share\vm\prims\jni.cpp, line 1613]
Event: 1.468 Thread 0x000000001bf75000 Exception <a 'java/lang/NoSuchMethodError': <clinit>> (0x00000000eb8896f0) thrown at [C:\re\workspace\8-2-build-windows-amd64-cygwin\jdk8u161\10277\hotspot\src\share\vm\prims\jni.cpp, line 1613]
Event: 1.469 Thread 0x000000001bf75000 Exception <a 'java/lang/NoSuchMethodError': <clinit>> (0x00000000eb894a28) thrown at [C:\re\workspace\8-2-build-windows-amd64-cygwin\jdk8u161\10277\hotspot\src\share\vm\prims\jni.cpp, line 1613]
Event: 1.470 Thread 0x000000001bf75000 Exception <a 'java/lang/NoSuchMethodError': <clinit>> (0x00000000eb8a2a90) thrown at [C:\re\workspace\8-2-build-windows-amd64-cygwin\jdk8u161\10277\hotspot\src\share\vm\prims\jni.cpp, line 1613]
Event: 1.473 Thread 0x000000001bf75000 Exception <a 'java/lang/NoSuchMethodError': <clinit>> (0x00000000eb8cd1e8) thrown at [C:\re\workspace\8-2-build-windows-amd64-cygwin\jdk8u161\10277\hotspot\src\share\vm\prims\jni.cpp, line 1613]
Event: 1.484 Thread 0x000000001bfee800 Exception <a 'java/lang/NoSuchMethodError': <clinit>> (0x00000000eb9a6aa0) thrown at [C:\re\workspace\8-2-build-windows-amd64-cygwin\jdk8u161\10277\hotspot\src\share\vm\prims\jni.cpp, line 1613]
Event: 1.485 Thread 0x000000001bfee800 Exception <a 'java/lang/NoSuchMethodError': <clinit>> (0x00000000eb9aed28) thrown at [C:\re\workspace\8-2-build-windows-amd64-cygwin\jdk8u161\10277\hotspot\src\share\vm\prims\jni.cpp, line 1613]

Events (10 events):
Event: 2.230 loading class java/awt/image/ImageObserver
Event: 2.230 loading class java/awt/image/ImageObserver done
Event: 2.230 loading class java/awt/MenuContainer
Event: 2.230 loading class java/awt/MenuContainer done
Event: 2.231 loading class java/awt/Component done
Event: 2.231 loading class java/awt/Container done
Event: 2.231 loading class javax/swing/JComponent done
Event: 2.231 loading class javax/swing/JComboBox done
Event: 2.231 loading class javax/swing/JTabbedPane
Event: 2.232 loading class javax/swing/SwingConstants


Dynamic libraries:
0x00007ff629f00000 - 0x00007ff629f37000 	C:\Program Files\Java\jdk1.8.0_161\bin\java.exe
0x00007ffd74970000 - 0x00007ffd74b51000 	C:\WINDOWS\SYSTEM32\ntdll.dll
0x00007ffd73600000 - 0x00007ffd736b2000 	C:\WINDOWS\System32\KERNEL32.DLL
0x00007ffd71080000 - 0x00007ffd712f3000 	C:\WINDOWS\System32\KERNELBASE.dll
0x00007ffd73ed0000 - 0x00007ffd73f71000 	C:\WINDOWS\System32\ADVAPI32.dll
0x00007ffd745a0000 - 0x00007ffd7463e000 	C:\WINDOWS\System32\msvcrt.dll
0x00007ffd73570000 - 0x00007ffd735cb000 	C:\WINDOWS\System32\sechost.dll
0x00007ffd74470000 - 0x00007ffd74594000 	C:\WINDOWS\System32\RPCRT4.dll
0x00007ffd73d40000 - 0x00007ffd73ed0000 	C:\WINDOWS\System32\USER32.dll
0x00007ffd71060000 - 0x00007ffd71080000 	C:\WINDOWS\System32\win32u.dll
0x00007ffd735d0000 - 0x00007ffd735f8000 	C:\WINDOWS\System32\GDI32.dll
0x00007ffd70e40000 - 0x00007ffd70fd2000 	C:\WINDOWS\System32\gdi32full.dll
0x00007ffd71d60000 - 0x00007ffd71dff000 	C:\WINDOWS\System32\msvcp_win.dll
0x00007ffd714f0000 - 0x00007ffd715e8000 	C:\WINDOWS\System32\ucrtbase.dll
0x00007ffd61880000 - 0x00007ffd61ae9000 	C:\WINDOWS\WinSxS\amd64_microsoft.windows.common-controls_6595b64144ccf1df_6.0.17134.648_none_fb45a0e93062a6d2\COMCTL32.dll
0x00007ffd71e00000 - 0x00007ffd72122000 	C:\WINDOWS\System32\combase.dll
0x00007ffd70fe0000 - 0x00007ffd7105a000 	C:\WINDOWS\System32\bcryptPrimitives.dll
0x00007ffd74440000 - 0x00007ffd7446d000 	C:\WINDOWS\System32\IMM32.DLL
0x0000000052d10000 - 0x0000000052de2000 	C:\Program Files\Java\jdk1.8.0_161\jre\bin\msvcr100.dll
0x0000000052470000 - 0x0000000052d0f000 	C:\Program Files\Java\jdk1.8.0_161\jre\bin\server\jvm.dll
0x00007ffd73fe0000 - 0x00007ffd73fe8000 	C:\WINDOWS\System32\PSAPI.DLL
0x00007ffd60da0000 - 0x00007ffd60dc3000 	C:\WINDOWS\SYSTEM32\WINMM.dll
0x00007ffd6c410000 - 0x00007ffd6c419000 	C:\WINDOWS\SYSTEM32\WSOCK32.dll
0x00007ffd6cf20000 - 0x00007ffd6cf2a000 	C:\WINDOWS\SYSTEM32\VERSION.dll
0x00007ffd748b0000 - 0x00007ffd7491c000 	C:\WINDOWS\System32\WS2_32.dll
0x00007ffd60cd0000 - 0x00007ffd60cfa000 	C:\WINDOWS\SYSTEM32\WINMMBASE.dll
0x00007ffd70df0000 - 0x00007ffd70e39000 	C:\WINDOWS\System32\cfgmgr32.dll
0x0000000053880000 - 0x000000005388f000 	C:\Program Files\Java\jdk1.8.0_161\jre\bin\verify.dll
0x0000000053850000 - 0x0000000053879000 	C:\Program Files\Java\jdk1.8.0_161\jre\bin\java.dll
0x0000000052450000 - 0x0000000052466000 	C:\Program Files\Java\jdk1.8.0_161\jre\bin\zip.dll
0x00007ffd72130000 - 0x00007ffd73570000 	C:\WINDOWS\System32\SHELL32.dll
0x00007ffd73910000 - 0x00007ffd739b9000 	C:\WINDOWS\System32\shcore.dll
0x00007ffd715f0000 - 0x00007ffd71cfd000 	C:\WINDOWS\System32\windows.storage.dll
0x00007ffd73f80000 - 0x00007ffd73fd1000 	C:\WINDOWS\System32\shlwapi.dll
0x00007ffd70d20000 - 0x00007ffd70d31000 	C:\WINDOWS\System32\kernel.appcore.dll
0x00007ffd70d00000 - 0x00007ffd70d1f000 	C:\WINDOWS\System32\profapi.dll
0x00007ffd70c90000 - 0x00007ffd70cdc000 	C:\WINDOWS\System32\powrprof.dll
0x00007ffd70c80000 - 0x00007ffd70c8a000 	C:\WINDOWS\System32\FLTLIB.DLL
0x0000000052430000 - 0x000000005244a000 	C:\Program Files\Java\jdk1.8.0_161\jre\bin\net.dll
0x00007ffd704b0000 - 0x00007ffd70516000 	C:\WINDOWS\system32\mswsock.dll
0x0000000052410000 - 0x0000000052421000 	C:\Program Files\Java\jdk1.8.0_161\jre\bin\nio.dll
0x00007ffd5e8a0000 - 0x00007ffd5e8be000 	C:\Users\weath\.gradle\native\25\windows-amd64\native-platform.dll
0x0000000052400000 - 0x000000005240d000 	C:\Program Files\Java\jdk1.8.0_161\jre\bin\management.dll
0x00007ffd706c0000 - 0x00007ffd706d7000 	C:\WINDOWS\SYSTEM32\CRYPTSP.dll
0x00007ffd700a0000 - 0x00007ffd700d3000 	C:\WINDOWS\system32\rsaenh.dll
0x00007ffd70790000 - 0x00007ffd707b5000 	C:\WINDOWS\SYSTEM32\bcrypt.dll
0x00007ffd70bb0000 - 0x00007ffd70bd8000 	C:\WINDOWS\SYSTEM32\USERENV.dll
0x00007ffd70610000 - 0x00007ffd7061b000 	C:\WINDOWS\SYSTEM32\CRYPTBASE.dll
0x00007ffd70240000 - 0x00007ffd70278000 	C:\WINDOWS\SYSTEM32\IPHLPAPI.DLL
0x00007ffd73aa0000 - 0x00007ffd73aa8000 	C:\WINDOWS\System32\NSI.dll
0x00007ffd6c570000 - 0x00007ffd6c586000 	C:\WINDOWS\SYSTEM32\dhcpcsvc6.DLL
0x00007ffd6c4d0000 - 0x00007ffd6c4ea000 	C:\WINDOWS\SYSTEM32\dhcpcsvc.DLL
0x00007ffd6be60000 - 0x00007ffd6c029000 	C:\WINDOWS\SYSTEM32\dbghelp.dll

VM Arguments:
jvm_args: -XX:+HeapDumpOnOutOfMemoryError -Xmx1024m -Dfile.encoding=windows-1252 -Duser.country=US -Duser.language=en -Duser.variant 
java_command: org.gradle.launcher.daemon.bootstrap.GradleDaemon 4.6
java_class_path (initial): C:\Users\weath\.gradle\wrapper\dists\gradle-4.6-all\bcst21l2brirad8k2ben1letg\gradle-4.6\lib\gradle-launcher-4.6.jar
Launcher Type: SUN_STANDARD

Environment Variables:
JAVA_HOME=C:\Program Files\Java\jdk1.8.0_161
CLASSPATH=C:\MyCode\Git_SCC\SER401_Repos\Pharmacy-Ledger\android\\gradle\wrapper\gradle-wrapper.jar
PATH=C:\Users\weath\bin;C:\Program Files\Git\mingw64\bin;C:\Program Files\Git\usr\local\bin;C:\Program Files\Git\usr\bin;C:\Program Files\Git\usr\bin;C:\Program Files\Git\mingw64\bin;C:\Program Files\Git\usr\bin;C:\Users\weath\bin;C:\Python27;C:\Python27\Scripts;C:\ProgramData\Oracle\Java\javapath;C:\Windows\system32;C:\Windows;C:\Windows\System32\Wbem;C:\Windows\System32\WindowsPowerShell\v1.0;C:\Program Files (x86)\NVIDIA Corporation\PhysX\Common;C:\MyPrograms\Gradle\gradle-4.6\bin;C:\Program Files\Git\cmd;C:\WINDOWS\system32;C:\WINDOWS;C:\WINDOWS\System32\Wbem;C:\WINDOWS\System32\WindowsPowerShell\v1.0;C:\WINDOWS\System32\OpenSSH;C:\ProgramData\chocolatey\bin;C:\Program Files\Microsoft VS Code\bin;C:\Program Files\nodejs;C:\Users\weath\AppData\Local\Android\Sdk\platform-tools;C:\Users\weath\AppData\Local\Android\Sdk\tools;C:\Program Files\NVIDIA Corporation\NVIDIA NvDLISR;C:\Users\weath\AppData\Local\Microsoft\WindowsApps;C:\Users\weath\AppData\Roaming\npm;C:\Program Files\Git\usr\bin\vendor_perl;C:\Program Files\Git\usr\bin\core_perl
USERNAME=weath
SHELL=C:\Program Files\Git\usr\bin\bash.exe
DISPLAY=needs-to-be-defined
OS=Windows_NT
PROCESSOR_IDENTIFIER=AMD64 Family 23 Model 1 Stepping 1, AuthenticAMD



---------------  S Y S T E M  ---------------

OS: Windows 10.0 , 64 bit Build 17134 (10.0.17134.648)

CPU:total 16 (initial active 16) (16 cores per cpu, 1 threads per core) family 23 model 1 stepping 1, cmov, cx8, fxsr, mmx, sse, sse2, sse3, ssse3, sse4.1, sse4.2, popcnt, avx, avx2, aes, clmul, mmxext, 3dnowpref, lzcnt, sse4a, tsc, tscinvbit, tscinv, bmi1

Memory: 4k page, physical 16731240k(7304200k free), swap 19221608k(6216520k free)

vm_info: Java HotSpot(TM) 64-Bit Server VM (25.161-b12) for windows-amd64 JRE (1.8.0_161-b12), built on Dec 19 2017 17:52:25 by "java_re" with MS VC++ 10.0 (VS2010)

time: Fri Mar 22 11:53:48 2019
elapsed time: 2 seconds (0d 0h 0m 2s)

